-> install SoPlex headers into INSTALLDIR </home/alen/ibex-lib/build/lp_lib_wrapper/soplex/soplex-4.0.2>
-> compiling obj/O.linux.x86_64.gnu.opt/lib/soplex/changesoplex.o
-> compiling obj/O.linux.x86_64.gnu.opt/lib/soplex/clufactor.o
-> compiling obj/O.linux.x86_64.gnu.opt/lib/soplex/clufactor_rational.o
-> compiling obj/O.linux.x86_64.gnu.opt/lib/soplex/didxset.o
-> compiling obj/O.linux.x86_64.gnu.opt/lib/soplex/enter.o
-> compiling obj/O.linux.x86_64.gnu.opt/lib/soplex/gzstream.o
-> compiling obj/O.linux.x86_64.gnu.opt/lib/soplex/idxset.o
-> compiling obj/O.linux.x86_64.gnu.opt/lib/soplex/leave.o
-> compiling obj/O.linux.x86_64.gnu.opt/lib/soplex/mpsinput.o
-> compiling obj/O.linux.x86_64.gnu.opt/lib/soplex/nameset.o
-> compiling obj/O.linux.x86_64.gnu.opt/lib/soplex/rational.o
-> compiling obj/O.linux.x86_64.gnu.opt/lib/soplex/ratrecon.o
-> compiling obj/O.linux.x86_64.gnu.opt/lib/soplex/slufactor.o
-> compiling obj/O.linux.x86_64.gnu.opt/lib/soplex/solvedbds.o
-> compiling obj/O.linux.x86_64.gnu.opt/lib/soplex/slufactor_rational.o
-> compiling obj/O.linux.x86_64.gnu.opt/lib/soplex/solverational.o
-> compiling obj/O.linux.x86_64.gnu.opt/lib/soplex/solvereal.o
-> compiling obj/O.linux.x86_64.gnu.opt/lib/soplex/spxautopr.o
-> compiling obj/O.linux.x86_64.gnu.opt/lib/soplex/spxbasis.o
-> compiling obj/O.linux.x86_64.gnu.opt/lib/soplex/spxboundflippingrt.o
-> compiling obj/O.linux.x86_64.gnu.opt/lib/soplex/spxbounds.o
-> compiling obj/O.linux.x86_64.gnu.opt/lib/soplex/spxchangebasis.o
-> compiling obj/O.linux.x86_64.gnu.opt/lib/soplex/spxdantzigpr.o
-> compiling obj/O.linux.x86_64.gnu.opt/lib/soplex/spxdefaultrt.o
-> compiling obj/O.linux.x86_64.gnu.opt/lib/soplex/spxdefines.o
-> compiling obj/O.linux.x86_64.gnu.opt/lib/soplex/spxdesc.o
-> compiling obj/O.linux.x86_64.gnu.opt/lib/soplex/spxdevexpr.o
-> compiling obj/O.linux.x86_64.gnu.opt/lib/soplex/spxequilisc.o
-> compiling obj/O.linux.x86_64.gnu.opt/lib/soplex/spxleastsqsc.o
-> compiling obj/O.linux.x86_64.gnu.opt/lib/soplex/spxfastrt.o
-> compiling obj/O.linux.x86_64.gnu.opt/lib/soplex/spxfileio.o
-> compiling obj/O.linux.x86_64.gnu.opt/lib/soplex/spxgeometsc.o
-> compiling obj/O.linux.x86_64.gnu.opt/lib/soplex/spxgithash.o
-> compiling obj/O.linux.x86_64.gnu.opt/lib/soplex/spxharrisrt.o
-> compiling obj/O.linux.x86_64.gnu.opt/lib/soplex/spxhybridpr.o
-> compiling obj/O.linux.x86_64.gnu.opt/lib/soplex/spxid.o
-> compiling obj/O.linux.x86_64.gnu.opt/lib/soplex/spxlpbase_rational.o
-> compiling obj/O.linux.x86_64.gnu.opt/lib/soplex/spxlpbase_real.o
-> compiling obj/O.linux.x86_64.gnu.opt/lib/soplex/spxmainsm.o
-> compiling obj/O.linux.x86_64.gnu.opt/lib/soplex/spxout.o
-> compiling obj/O.linux.x86_64.gnu.opt/lib/soplex/spxparmultpr.o
-> compiling obj/O.linux.x86_64.gnu.opt/lib/soplex/spxquality.o
-> compiling obj/O.linux.x86_64.gnu.opt/lib/soplex/spxscaler.o
-> compiling obj/O.linux.x86_64.gnu.opt/lib/soplex/spxshift.o
-> compiling obj/O.linux.x86_64.gnu.opt/lib/soplex/spxsolve.o
-> compiling obj/O.linux.x86_64.gnu.opt/lib/soplex/spxsolver.o
-> compiling obj/O.linux.x86_64.gnu.opt/lib/soplex/spxstarter.o
-> compiling obj/O.linux.x86_64.gnu.opt/lib/soplex/spxsteeppr.o
-> compiling obj/O.linux.x86_64.gnu.opt/lib/soplex/spxsumst.o
-> compiling obj/O.linux.x86_64.gnu.opt/lib/soplex/spxvecs.o
-> compiling obj/O.linux.x86_64.gnu.opt/lib/soplex/spxvectorst.o
-> compiling obj/O.linux.x86_64.gnu.opt/lib/soplex/spxweightpr.o
-> compiling obj/O.linux.x86_64.gnu.opt/lib/soplex/spxweightst.o
-> compiling obj/O.linux.x86_64.gnu.opt/lib/soplex/spxwritestate.o
-> compiling obj/O.linux.x86_64.gnu.opt/lib/soplex/statistics.o
-> compiling obj/O.linux.x86_64.gnu.opt/lib/soplex/usertimer.o
-> compiling obj/O.linux.x86_64.gnu.opt/lib/soplex/validation.o
-> compiling obj/O.linux.x86_64.gnu.opt/lib/soplex/wallclocktimer.o
-> compiling obj/O.linux.x86_64.gnu.opt/lib/soplex/updatevector.o
-> compiling obj/O.linux.x86_64.gnu.opt/lib/soplex/testsoplex.o
-> compiling obj/O.linux.x86_64.gnu.opt/lib/soplex.o
-> generating library lib/libsoplex-4.0.2.linux.x86_64.gnu.opt.a
-> compiling obj/O.linux.x86_64.gnu.opt/bin/soplexmain.o
-> linking bin/soplex-4.0.2.linux.x86_64.gnu.opt
-> install SoPlex libraries into INSTALLDIR </home/alen/ibex-lib/build/lp_lib_wrapper/soplex/soplex-4.0.2>
-> install SoPlex binary into INSTALLDIR </home/alen/ibex-lib/build/lp_lib_wrapper/soplex/soplex-4.0.2>
