The system is: Linux - 4.15.0-143-generic - x86_64
Compiling the CXX compiler identification source file "CMakeCXXCompilerId.cpp" succeeded.
Compiler: /usr/bin/c++ 
Build flags: 
Id flags:  

The output was:
0


Compilation of the CXX compiler identification source "CMakeCXXCompilerId.cpp" produced "a.out"

The CXX compiler identification is Clang, found in "/home/alen/ibex-lib/build/CMakeFiles/3.10.2/CompilerIdCXX/a.out"

Determining if the CXX compiler works passed with the following output:
Change Dir: /home/alen/ibex-lib/build/CMakeFiles/CMakeTmp

Run Build Command:"/usr/bin/make" "cmTC_58389/fast"
/usr/bin/make -f CMakeFiles/cmTC_58389.dir/build.make CMakeFiles/cmTC_58389.dir/build
make[1]: Entering directory '/home/alen/ibex-lib/build/CMakeFiles/CMakeTmp'
Building CXX object CMakeFiles/cmTC_58389.dir/testCXXCompiler.cxx.o
/usr/bin/c++     -o CMakeFiles/cmTC_58389.dir/testCXXCompiler.cxx.o -c /home/alen/ibex-lib/build/CMakeFiles/CMakeTmp/testCXXCompiler.cxx
Linking CXX executable cmTC_58389
/usr/bin/cmake -E cmake_link_script CMakeFiles/cmTC_58389.dir/link.txt --verbose=1
/usr/bin/c++       CMakeFiles/cmTC_58389.dir/testCXXCompiler.cxx.o  -o cmTC_58389 
make[1]: Leaving directory '/home/alen/ibex-lib/build/CMakeFiles/CMakeTmp'


Detecting CXX compiler ABI info compiled with the following output:
Change Dir: /home/alen/ibex-lib/build/CMakeFiles/CMakeTmp

Run Build Command:"/usr/bin/make" "cmTC_57ae2/fast"
/usr/bin/make -f CMakeFiles/cmTC_57ae2.dir/build.make CMakeFiles/cmTC_57ae2.dir/build
make[1]: Entering directory '/home/alen/ibex-lib/build/CMakeFiles/CMakeTmp'
Building CXX object CMakeFiles/cmTC_57ae2.dir/CMakeCXXCompilerABI.cpp.o
/usr/bin/c++     -o CMakeFiles/cmTC_57ae2.dir/CMakeCXXCompilerABI.cpp.o -c /usr/share/cmake-3.10/Modules/CMakeCXXCompilerABI.cpp
Linking CXX executable cmTC_57ae2
/usr/bin/cmake -E cmake_link_script CMakeFiles/cmTC_57ae2.dir/link.txt --verbose=1
/usr/bin/c++      -v CMakeFiles/cmTC_57ae2.dir/CMakeCXXCompilerABI.cpp.o  -o cmTC_57ae2 
clang version 6.0.0-1ubuntu2 (tags/RELEASE_600/final)
Target: x86_64-pc-linux-gnu
Thread model: posix
InstalledDir: /usr/bin
Found candidate GCC installation: /usr/bin/../lib/gcc/x86_64-linux-gnu/7
Found candidate GCC installation: /usr/bin/../lib/gcc/x86_64-linux-gnu/7.5.0
Found candidate GCC installation: /usr/bin/../lib/gcc/x86_64-linux-gnu/8
Found candidate GCC installation: /usr/lib/gcc/x86_64-linux-gnu/7
Found candidate GCC installation: /usr/lib/gcc/x86_64-linux-gnu/7.5.0
Found candidate GCC installation: /usr/lib/gcc/x86_64-linux-gnu/8
Selected GCC installation: /usr/bin/../lib/gcc/x86_64-linux-gnu/8
Candidate multilib: .;@m64
Selected multilib: .;@m64
 "/usr/bin/ld" -z relro --hash-style=gnu --eh-frame-hdr -m elf_x86_64 -dynamic-linker /lib64/ld-linux-x86-64.so.2 -o cmTC_57ae2 /usr/bin/../lib/gcc/x86_64-linux-gnu/8/../../../x86_64-linux-gnu/crt1.o /usr/bin/../lib/gcc/x86_64-linux-gnu/8/../../../x86_64-linux-gnu/crti.o /usr/bin/../lib/gcc/x86_64-linux-gnu/8/crtbegin.o -L/usr/bin/../lib/gcc/x86_64-linux-gnu/8 -L/usr/bin/../lib/gcc/x86_64-linux-gnu/8/../../../x86_64-linux-gnu -L/lib/x86_64-linux-gnu -L/lib/../lib64 -L/usr/lib/x86_64-linux-gnu -L/usr/bin/../lib/gcc/x86_64-linux-gnu/8/../../.. -L/usr/lib/llvm-6.0/bin/../lib -L/lib -L/usr/lib CMakeFiles/cmTC_57ae2.dir/CMakeCXXCompilerABI.cpp.o -lstdc++ -lm -lgcc_s -lgcc -lc -lgcc_s -lgcc /usr/bin/../lib/gcc/x86_64-linux-gnu/8/crtend.o /usr/bin/../lib/gcc/x86_64-linux-gnu/8/../../../x86_64-linux-gnu/crtn.o
make[1]: Leaving directory '/home/alen/ibex-lib/build/CMakeFiles/CMakeTmp'


Parsed CXX implicit link information from above output:
  link line regex: [^( *|.*[/\])(ld|CMAKE_LINK_STARTFILE-NOTFOUND|([^/\]+-)?ld|collect2)[^/\]*( |$)]
  ignore line: [Change Dir: /home/alen/ibex-lib/build/CMakeFiles/CMakeTmp]
  ignore line: []
  ignore line: [Run Build Command:"/usr/bin/make" "cmTC_57ae2/fast"]
  ignore line: [/usr/bin/make -f CMakeFiles/cmTC_57ae2.dir/build.make CMakeFiles/cmTC_57ae2.dir/build]
  ignore line: [make[1]: Entering directory '/home/alen/ibex-lib/build/CMakeFiles/CMakeTmp']
  ignore line: [Building CXX object CMakeFiles/cmTC_57ae2.dir/CMakeCXXCompilerABI.cpp.o]
  ignore line: [/usr/bin/c++     -o CMakeFiles/cmTC_57ae2.dir/CMakeCXXCompilerABI.cpp.o -c /usr/share/cmake-3.10/Modules/CMakeCXXCompilerABI.cpp]
  ignore line: [Linking CXX executable cmTC_57ae2]
  ignore line: [/usr/bin/cmake -E cmake_link_script CMakeFiles/cmTC_57ae2.dir/link.txt --verbose=1]
  ignore line: [/usr/bin/c++      -v CMakeFiles/cmTC_57ae2.dir/CMakeCXXCompilerABI.cpp.o  -o cmTC_57ae2 ]
  ignore line: [clang version 6.0.0-1ubuntu2 (tags/RELEASE_600/final)]
  ignore line: [Target: x86_64-pc-linux-gnu]
  ignore line: [Thread model: posix]
  ignore line: [InstalledDir: /usr/bin]
  ignore line: [Found candidate GCC installation: /usr/bin/../lib/gcc/x86_64-linux-gnu/7]
  ignore line: [Found candidate GCC installation: /usr/bin/../lib/gcc/x86_64-linux-gnu/7.5.0]
  ignore line: [Found candidate GCC installation: /usr/bin/../lib/gcc/x86_64-linux-gnu/8]
  ignore line: [Found candidate GCC installation: /usr/lib/gcc/x86_64-linux-gnu/7]
  ignore line: [Found candidate GCC installation: /usr/lib/gcc/x86_64-linux-gnu/7.5.0]
  ignore line: [Found candidate GCC installation: /usr/lib/gcc/x86_64-linux-gnu/8]
  ignore line: [Selected GCC installation: /usr/bin/../lib/gcc/x86_64-linux-gnu/8]
  ignore line: [Candidate multilib: .]
  ignore line: [@m64]
  ignore line: [Selected multilib: .]
  ignore line: [@m64]
  link line: [ "/usr/bin/ld" -z relro --hash-style=gnu --eh-frame-hdr -m elf_x86_64 -dynamic-linker /lib64/ld-linux-x86-64.so.2 -o cmTC_57ae2 /usr/bin/../lib/gcc/x86_64-linux-gnu/8/../../../x86_64-linux-gnu/crt1.o /usr/bin/../lib/gcc/x86_64-linux-gnu/8/../../../x86_64-linux-gnu/crti.o /usr/bin/../lib/gcc/x86_64-linux-gnu/8/crtbegin.o -L/usr/bin/../lib/gcc/x86_64-linux-gnu/8 -L/usr/bin/../lib/gcc/x86_64-linux-gnu/8/../../../x86_64-linux-gnu -L/lib/x86_64-linux-gnu -L/lib/../lib64 -L/usr/lib/x86_64-linux-gnu -L/usr/bin/../lib/gcc/x86_64-linux-gnu/8/../../.. -L/usr/lib/llvm-6.0/bin/../lib -L/lib -L/usr/lib CMakeFiles/cmTC_57ae2.dir/CMakeCXXCompilerABI.cpp.o -lstdc++ -lm -lgcc_s -lgcc -lc -lgcc_s -lgcc /usr/bin/../lib/gcc/x86_64-linux-gnu/8/crtend.o /usr/bin/../lib/gcc/x86_64-linux-gnu/8/../../../x86_64-linux-gnu/crtn.o]
    arg [/usr/bin/ld] ==> ignore
    arg [-zrelro] ==> ignore
    arg [--hash-style=gnu] ==> ignore
    arg [--eh-frame-hdr] ==> ignore
    arg [-m] ==> ignore
    arg [elf_x86_64] ==> ignore
    arg [-dynamic-linker] ==> ignore
    arg [/lib64/ld-linux-x86-64.so.2] ==> ignore
    arg [-o] ==> ignore
    arg [cmTC_57ae2] ==> ignore
    arg [/usr/bin/../lib/gcc/x86_64-linux-gnu/8/../../../x86_64-linux-gnu/crt1.o] ==> ignore
    arg [/usr/bin/../lib/gcc/x86_64-linux-gnu/8/../../../x86_64-linux-gnu/crti.o] ==> ignore
    arg [/usr/bin/../lib/gcc/x86_64-linux-gnu/8/crtbegin.o] ==> ignore
    arg [-L/usr/bin/../lib/gcc/x86_64-linux-gnu/8] ==> dir [/usr/bin/../lib/gcc/x86_64-linux-gnu/8]
    arg [-L/usr/bin/../lib/gcc/x86_64-linux-gnu/8/../../../x86_64-linux-gnu] ==> dir [/usr/bin/../lib/gcc/x86_64-linux-gnu/8/../../../x86_64-linux-gnu]
    arg [-L/lib/x86_64-linux-gnu] ==> dir [/lib/x86_64-linux-gnu]
    arg [-L/lib/../lib64] ==> dir [/lib/../lib64]
    arg [-L/usr/lib/x86_64-linux-gnu] ==> dir [/usr/lib/x86_64-linux-gnu]
    arg [-L/usr/bin/../lib/gcc/x86_64-linux-gnu/8/../../..] ==> dir [/usr/bin/../lib/gcc/x86_64-linux-gnu/8/../../..]
    arg [-L/usr/lib/llvm-6.0/bin/../lib] ==> dir [/usr/lib/llvm-6.0/bin/../lib]
    arg [-L/lib] ==> dir [/lib]
    arg [-L/usr/lib] ==> dir [/usr/lib]
    arg [CMakeFiles/cmTC_57ae2.dir/CMakeCXXCompilerABI.cpp.o] ==> ignore
    arg [-lstdc++] ==> lib [stdc++]
    arg [-lm] ==> lib [m]
    arg [-lgcc_s] ==> lib [gcc_s]
    arg [-lgcc] ==> lib [gcc]
    arg [-lc] ==> lib [c]
    arg [-lgcc_s] ==> lib [gcc_s]
    arg [-lgcc] ==> lib [gcc]
    arg [/usr/bin/../lib/gcc/x86_64-linux-gnu/8/crtend.o] ==> ignore
    arg [/usr/bin/../lib/gcc/x86_64-linux-gnu/8/../../../x86_64-linux-gnu/crtn.o] ==> ignore
  collapse library dir [/usr/bin/../lib/gcc/x86_64-linux-gnu/8] ==> [/usr/lib/gcc/x86_64-linux-gnu/8]
  collapse library dir [/usr/bin/../lib/gcc/x86_64-linux-gnu/8/../../../x86_64-linux-gnu] ==> [/usr/lib/x86_64-linux-gnu]
  collapse library dir [/lib/x86_64-linux-gnu] ==> [/lib/x86_64-linux-gnu]
  collapse library dir [/lib/../lib64] ==> [/lib64]
  collapse library dir [/usr/lib/x86_64-linux-gnu] ==> [/usr/lib/x86_64-linux-gnu]
  collapse library dir [/usr/bin/../lib/gcc/x86_64-linux-gnu/8/../../..] ==> [/usr/lib]
  collapse library dir [/usr/lib/llvm-6.0/bin/../lib] ==> [/usr/lib/llvm-6.0/lib]
  collapse library dir [/lib] ==> [/lib]
  collapse library dir [/usr/lib] ==> [/usr/lib]
  implicit libs: [stdc++;m;gcc_s;gcc;c;gcc_s;gcc]
  implicit dirs: [/usr/lib/gcc/x86_64-linux-gnu/8;/usr/lib/x86_64-linux-gnu;/lib/x86_64-linux-gnu;/lib64;/usr/lib;/usr/lib/llvm-6.0/lib;/lib]
  implicit fwks: []




Detecting CXX [-std=c++1z] compiler features compiled with the following output:
Change Dir: /home/alen/ibex-lib/build/CMakeFiles/CMakeTmp

Run Build Command:"/usr/bin/make" "cmTC_05651/fast"
/usr/bin/make -f CMakeFiles/cmTC_05651.dir/build.make CMakeFiles/cmTC_05651.dir/build
make[1]: Entering directory '/home/alen/ibex-lib/build/CMakeFiles/CMakeTmp'
Building CXX object CMakeFiles/cmTC_05651.dir/feature_tests.cxx.o
/usr/bin/c++    -std=c++1z -o CMakeFiles/cmTC_05651.dir/feature_tests.cxx.o -c /home/alen/ibex-lib/build/CMakeFiles/feature_tests.cxx
Linking CXX executable cmTC_05651
/usr/bin/cmake -E cmake_link_script CMakeFiles/cmTC_05651.dir/link.txt --verbose=1
/usr/bin/c++       CMakeFiles/cmTC_05651.dir/feature_tests.cxx.o  -o cmTC_05651 
make[1]: Leaving directory '/home/alen/ibex-lib/build/CMakeFiles/CMakeTmp'


    Feature record: CXX_FEATURE:1cxx_aggregate_default_initializers
    Feature record: CXX_FEATURE:1cxx_alias_templates
    Feature record: CXX_FEATURE:1cxx_alignas
    Feature record: CXX_FEATURE:1cxx_alignof
    Feature record: CXX_FEATURE:1cxx_attributes
    Feature record: CXX_FEATURE:1cxx_attribute_deprecated
    Feature record: CXX_FEATURE:1cxx_auto_type
    Feature record: CXX_FEATURE:1cxx_binary_literals
    Feature record: CXX_FEATURE:1cxx_constexpr
    Feature record: CXX_FEATURE:1cxx_contextual_conversions
    Feature record: CXX_FEATURE:1cxx_decltype
    Feature record: CXX_FEATURE:1cxx_decltype_auto
    Feature record: CXX_FEATURE:1cxx_decltype_incomplete_return_types
    Feature record: CXX_FEATURE:1cxx_default_function_template_args
    Feature record: CXX_FEATURE:1cxx_defaulted_functions
    Feature record: CXX_FEATURE:1cxx_defaulted_move_initializers
    Feature record: CXX_FEATURE:1cxx_delegating_constructors
    Feature record: CXX_FEATURE:1cxx_deleted_functions
    Feature record: CXX_FEATURE:1cxx_digit_separators
    Feature record: CXX_FEATURE:1cxx_enum_forward_declarations
    Feature record: CXX_FEATURE:1cxx_explicit_conversions
    Feature record: CXX_FEATURE:1cxx_extended_friend_declarations
    Feature record: CXX_FEATURE:1cxx_extern_templates
    Feature record: CXX_FEATURE:1cxx_final
    Feature record: CXX_FEATURE:1cxx_func_identifier
    Feature record: CXX_FEATURE:1cxx_generalized_initializers
    Feature record: CXX_FEATURE:1cxx_generic_lambdas
    Feature record: CXX_FEATURE:1cxx_inheriting_constructors
    Feature record: CXX_FEATURE:1cxx_inline_namespaces
    Feature record: CXX_FEATURE:1cxx_lambdas
    Feature record: CXX_FEATURE:1cxx_lambda_init_captures
    Feature record: CXX_FEATURE:1cxx_local_type_template_args
    Feature record: CXX_FEATURE:1cxx_long_long_type
    Feature record: CXX_FEATURE:1cxx_noexcept
    Feature record: CXX_FEATURE:1cxx_nonstatic_member_init
    Feature record: CXX_FEATURE:1cxx_nullptr
    Feature record: CXX_FEATURE:1cxx_override
    Feature record: CXX_FEATURE:1cxx_range_for
    Feature record: CXX_FEATURE:1cxx_raw_string_literals
    Feature record: CXX_FEATURE:1cxx_reference_qualified_functions
    Feature record: CXX_FEATURE:1cxx_relaxed_constexpr
    Feature record: CXX_FEATURE:1cxx_return_type_deduction
    Feature record: CXX_FEATURE:1cxx_right_angle_brackets
    Feature record: CXX_FEATURE:1cxx_rvalue_references
    Feature record: CXX_FEATURE:1cxx_sizeof_member
    Feature record: CXX_FEATURE:1cxx_static_assert
    Feature record: CXX_FEATURE:1cxx_strong_enums
    Feature record: CXX_FEATURE:1cxx_template_template_parameters
    Feature record: CXX_FEATURE:1cxx_thread_local
    Feature record: CXX_FEATURE:1cxx_trailing_return_types
    Feature record: CXX_FEATURE:1cxx_unicode_literals
    Feature record: CXX_FEATURE:1cxx_uniform_initialization
    Feature record: CXX_FEATURE:1cxx_unrestricted_unions
    Feature record: CXX_FEATURE:1cxx_user_literals
    Feature record: CXX_FEATURE:1cxx_variable_templates
    Feature record: CXX_FEATURE:1cxx_variadic_macros
    Feature record: CXX_FEATURE:1cxx_variadic_templates


Detecting CXX [-std=c++14] compiler features compiled with the following output:
Change Dir: /home/alen/ibex-lib/build/CMakeFiles/CMakeTmp

Run Build Command:"/usr/bin/make" "cmTC_12705/fast"
/usr/bin/make -f CMakeFiles/cmTC_12705.dir/build.make CMakeFiles/cmTC_12705.dir/build
make[1]: Entering directory '/home/alen/ibex-lib/build/CMakeFiles/CMakeTmp'
Building CXX object CMakeFiles/cmTC_12705.dir/feature_tests.cxx.o
/usr/bin/c++    -std=c++14 -o CMakeFiles/cmTC_12705.dir/feature_tests.cxx.o -c /home/alen/ibex-lib/build/CMakeFiles/feature_tests.cxx
Linking CXX executable cmTC_12705
/usr/bin/cmake -E cmake_link_script CMakeFiles/cmTC_12705.dir/link.txt --verbose=1
/usr/bin/c++       CMakeFiles/cmTC_12705.dir/feature_tests.cxx.o  -o cmTC_12705 
make[1]: Leaving directory '/home/alen/ibex-lib/build/CMakeFiles/CMakeTmp'


    Feature record: CXX_FEATURE:1cxx_aggregate_default_initializers
    Feature record: CXX_FEATURE:1cxx_alias_templates
    Feature record: CXX_FEATURE:1cxx_alignas
    Feature record: CXX_FEATURE:1cxx_alignof
    Feature record: CXX_FEATURE:1cxx_attributes
    Feature record: CXX_FEATURE:1cxx_attribute_deprecated
    Feature record: CXX_FEATURE:1cxx_auto_type
    Feature record: CXX_FEATURE:1cxx_binary_literals
    Feature record: CXX_FEATURE:1cxx_constexpr
    Feature record: CXX_FEATURE:1cxx_contextual_conversions
    Feature record: CXX_FEATURE:1cxx_decltype
    Feature record: CXX_FEATURE:1cxx_decltype_auto
    Feature record: CXX_FEATURE:1cxx_decltype_incomplete_return_types
    Feature record: CXX_FEATURE:1cxx_default_function_template_args
    Feature record: CXX_FEATURE:1cxx_defaulted_functions
    Feature record: CXX_FEATURE:1cxx_defaulted_move_initializers
    Feature record: CXX_FEATURE:1cxx_delegating_constructors
    Feature record: CXX_FEATURE:1cxx_deleted_functions
    Feature record: CXX_FEATURE:1cxx_digit_separators
    Feature record: CXX_FEATURE:1cxx_enum_forward_declarations
    Feature record: CXX_FEATURE:1cxx_explicit_conversions
    Feature record: CXX_FEATURE:1cxx_extended_friend_declarations
    Feature record: CXX_FEATURE:1cxx_extern_templates
    Feature record: CXX_FEATURE:1cxx_final
    Feature record: CXX_FEATURE:1cxx_func_identifier
    Feature record: CXX_FEATURE:1cxx_generalized_initializers
    Feature record: CXX_FEATURE:1cxx_generic_lambdas
    Feature record: CXX_FEATURE:1cxx_inheriting_constructors
    Feature record: CXX_FEATURE:1cxx_inline_namespaces
    Feature record: CXX_FEATURE:1cxx_lambdas
    Feature record: CXX_FEATURE:1cxx_lambda_init_captures
    Feature record: CXX_FEATURE:1cxx_local_type_template_args
    Feature record: CXX_FEATURE:1cxx_long_long_type
    Feature record: CXX_FEATURE:1cxx_noexcept
    Feature record: CXX_FEATURE:1cxx_nonstatic_member_init
    Feature record: CXX_FEATURE:1cxx_nullptr
    Feature record: CXX_FEATURE:1cxx_override
    Feature record: CXX_FEATURE:1cxx_range_for
    Feature record: CXX_FEATURE:1cxx_raw_string_literals
    Feature record: CXX_FEATURE:1cxx_reference_qualified_functions
    Feature record: CXX_FEATURE:1cxx_relaxed_constexpr
    Feature record: CXX_FEATURE:1cxx_return_type_deduction
    Feature record: CXX_FEATURE:1cxx_right_angle_brackets
    Feature record: CXX_FEATURE:1cxx_rvalue_references
    Feature record: CXX_FEATURE:1cxx_sizeof_member
    Feature record: CXX_FEATURE:1cxx_static_assert
    Feature record: CXX_FEATURE:1cxx_strong_enums
    Feature record: CXX_FEATURE:1cxx_template_template_parameters
    Feature record: CXX_FEATURE:1cxx_thread_local
    Feature record: CXX_FEATURE:1cxx_trailing_return_types
    Feature record: CXX_FEATURE:1cxx_unicode_literals
    Feature record: CXX_FEATURE:1cxx_uniform_initialization
    Feature record: CXX_FEATURE:1cxx_unrestricted_unions
    Feature record: CXX_FEATURE:1cxx_user_literals
    Feature record: CXX_FEATURE:1cxx_variable_templates
    Feature record: CXX_FEATURE:1cxx_variadic_macros
    Feature record: CXX_FEATURE:1cxx_variadic_templates


Detecting CXX [-std=c++11] compiler features compiled with the following output:
Change Dir: /home/alen/ibex-lib/build/CMakeFiles/CMakeTmp

Run Build Command:"/usr/bin/make" "cmTC_cff4f/fast"
/usr/bin/make -f CMakeFiles/cmTC_cff4f.dir/build.make CMakeFiles/cmTC_cff4f.dir/build
make[1]: Entering directory '/home/alen/ibex-lib/build/CMakeFiles/CMakeTmp'
Building CXX object CMakeFiles/cmTC_cff4f.dir/feature_tests.cxx.o
/usr/bin/c++    -std=c++11 -o CMakeFiles/cmTC_cff4f.dir/feature_tests.cxx.o -c /home/alen/ibex-lib/build/CMakeFiles/feature_tests.cxx
Linking CXX executable cmTC_cff4f
/usr/bin/cmake -E cmake_link_script CMakeFiles/cmTC_cff4f.dir/link.txt --verbose=1
/usr/bin/c++       CMakeFiles/cmTC_cff4f.dir/feature_tests.cxx.o  -o cmTC_cff4f 
make[1]: Leaving directory '/home/alen/ibex-lib/build/CMakeFiles/CMakeTmp'


    Feature record: CXX_FEATURE:0cxx_aggregate_default_initializers
    Feature record: CXX_FEATURE:1cxx_alias_templates
    Feature record: CXX_FEATURE:1cxx_alignas
    Feature record: CXX_FEATURE:1cxx_alignof
    Feature record: CXX_FEATURE:1cxx_attributes
    Feature record: CXX_FEATURE:0cxx_attribute_deprecated
    Feature record: CXX_FEATURE:1cxx_auto_type
    Feature record: CXX_FEATURE:0cxx_binary_literals
    Feature record: CXX_FEATURE:1cxx_constexpr
    Feature record: CXX_FEATURE:0cxx_contextual_conversions
    Feature record: CXX_FEATURE:1cxx_decltype
    Feature record: CXX_FEATURE:0cxx_decltype_auto
    Feature record: CXX_FEATURE:1cxx_decltype_incomplete_return_types
    Feature record: CXX_FEATURE:1cxx_default_function_template_args
    Feature record: CXX_FEATURE:1cxx_defaulted_functions
    Feature record: CXX_FEATURE:1cxx_defaulted_move_initializers
    Feature record: CXX_FEATURE:1cxx_delegating_constructors
    Feature record: CXX_FEATURE:1cxx_deleted_functions
    Feature record: CXX_FEATURE:0cxx_digit_separators
    Feature record: CXX_FEATURE:1cxx_enum_forward_declarations
    Feature record: CXX_FEATURE:1cxx_explicit_conversions
    Feature record: CXX_FEATURE:1cxx_extended_friend_declarations
    Feature record: CXX_FEATURE:1cxx_extern_templates
    Feature record: CXX_FEATURE:1cxx_final
    Feature record: CXX_FEATURE:1cxx_func_identifier
    Feature record: CXX_FEATURE:1cxx_generalized_initializers
    Feature record: CXX_FEATURE:0cxx_generic_lambdas
    Feature record: CXX_FEATURE:1cxx_inheriting_constructors
    Feature record: CXX_FEATURE:1cxx_inline_namespaces
    Feature record: CXX_FEATURE:1cxx_lambdas
    Feature record: CXX_FEATURE:0cxx_lambda_init_captures
    Feature record: CXX_FEATURE:1cxx_local_type_template_args
    Feature record: CXX_FEATURE:1cxx_long_long_type
    Feature record: CXX_FEATURE:1cxx_noexcept
    Feature record: CXX_FEATURE:1cxx_nonstatic_member_init
    Feature record: CXX_FEATURE:1cxx_nullptr
    Feature record: CXX_FEATURE:1cxx_override
    Feature record: CXX_FEATURE:1cxx_range_for
    Feature record: CXX_FEATURE:1cxx_raw_string_literals
    Feature record: CXX_FEATURE:1cxx_reference_qualified_functions
    Feature record: CXX_FEATURE:0cxx_relaxed_constexpr
    Feature record: CXX_FEATURE:0cxx_return_type_deduction
    Feature record: CXX_FEATURE:1cxx_right_angle_brackets
    Feature record: CXX_FEATURE:1cxx_rvalue_references
    Feature record: CXX_FEATURE:1cxx_sizeof_member
    Feature record: CXX_FEATURE:1cxx_static_assert
    Feature record: CXX_FEATURE:1cxx_strong_enums
    Feature record: CXX_FEATURE:1cxx_template_template_parameters
    Feature record: CXX_FEATURE:1cxx_thread_local
    Feature record: CXX_FEATURE:1cxx_trailing_return_types
    Feature record: CXX_FEATURE:1cxx_unicode_literals
    Feature record: CXX_FEATURE:1cxx_uniform_initialization
    Feature record: CXX_FEATURE:1cxx_unrestricted_unions
    Feature record: CXX_FEATURE:1cxx_user_literals
    Feature record: CXX_FEATURE:0cxx_variable_templates
    Feature record: CXX_FEATURE:1cxx_variadic_macros
    Feature record: CXX_FEATURE:1cxx_variadic_templates


Detecting CXX [-std=c++98] compiler features compiled with the following output:
Change Dir: /home/alen/ibex-lib/build/CMakeFiles/CMakeTmp

Run Build Command:"/usr/bin/make" "cmTC_5d6be/fast"
/usr/bin/make -f CMakeFiles/cmTC_5d6be.dir/build.make CMakeFiles/cmTC_5d6be.dir/build
make[1]: Entering directory '/home/alen/ibex-lib/build/CMakeFiles/CMakeTmp'
Building CXX object CMakeFiles/cmTC_5d6be.dir/feature_tests.cxx.o
/usr/bin/c++    -std=c++98 -o CMakeFiles/cmTC_5d6be.dir/feature_tests.cxx.o -c /home/alen/ibex-lib/build/CMakeFiles/feature_tests.cxx
Linking CXX executable cmTC_5d6be
/usr/bin/cmake -E cmake_link_script CMakeFiles/cmTC_5d6be.dir/link.txt --verbose=1
/usr/bin/c++       CMakeFiles/cmTC_5d6be.dir/feature_tests.cxx.o  -o cmTC_5d6be 
make[1]: Leaving directory '/home/alen/ibex-lib/build/CMakeFiles/CMakeTmp'


    Feature record: CXX_FEATURE:0cxx_aggregate_default_initializers
    Feature record: CXX_FEATURE:0cxx_alias_templates
    Feature record: CXX_FEATURE:0cxx_alignas
    Feature record: CXX_FEATURE:0cxx_alignof
    Feature record: CXX_FEATURE:0cxx_attributes
    Feature record: CXX_FEATURE:0cxx_attribute_deprecated
    Feature record: CXX_FEATURE:0cxx_auto_type
    Feature record: CXX_FEATURE:0cxx_binary_literals
    Feature record: CXX_FEATURE:0cxx_constexpr
    Feature record: CXX_FEATURE:0cxx_contextual_conversions
    Feature record: CXX_FEATURE:0cxx_decltype
    Feature record: CXX_FEATURE:0cxx_decltype_auto
    Feature record: CXX_FEATURE:0cxx_decltype_incomplete_return_types
    Feature record: CXX_FEATURE:0cxx_default_function_template_args
    Feature record: CXX_FEATURE:0cxx_defaulted_functions
    Feature record: CXX_FEATURE:0cxx_defaulted_move_initializers
    Feature record: CXX_FEATURE:0cxx_delegating_constructors
    Feature record: CXX_FEATURE:0cxx_deleted_functions
    Feature record: CXX_FEATURE:0cxx_digit_separators
    Feature record: CXX_FEATURE:0cxx_enum_forward_declarations
    Feature record: CXX_FEATURE:0cxx_explicit_conversions
    Feature record: CXX_FEATURE:0cxx_extended_friend_declarations
    Feature record: CXX_FEATURE:0cxx_extern_templates
    Feature record: CXX_FEATURE:0cxx_final
    Feature record: CXX_FEATURE:0cxx_func_identifier
    Feature record: CXX_FEATURE:0cxx_generalized_initializers
    Feature record: CXX_FEATURE:0cxx_generic_lambdas
    Feature record: CXX_FEATURE:0cxx_inheriting_constructors
    Feature record: CXX_FEATURE:0cxx_inline_namespaces
    Feature record: CXX_FEATURE:0cxx_lambdas
    Feature record: CXX_FEATURE:0cxx_lambda_init_captures
    Feature record: CXX_FEATURE:0cxx_local_type_template_args
    Feature record: CXX_FEATURE:0cxx_long_long_type
    Feature record: CXX_FEATURE:0cxx_noexcept
    Feature record: CXX_FEATURE:0cxx_nonstatic_member_init
    Feature record: CXX_FEATURE:0cxx_nullptr
    Feature record: CXX_FEATURE:0cxx_override
    Feature record: CXX_FEATURE:0cxx_range_for
    Feature record: CXX_FEATURE:0cxx_raw_string_literals
    Feature record: CXX_FEATURE:0cxx_reference_qualified_functions
    Feature record: CXX_FEATURE:0cxx_relaxed_constexpr
    Feature record: CXX_FEATURE:0cxx_return_type_deduction
    Feature record: CXX_FEATURE:0cxx_right_angle_brackets
    Feature record: CXX_FEATURE:0cxx_rvalue_references
    Feature record: CXX_FEATURE:0cxx_sizeof_member
    Feature record: CXX_FEATURE:0cxx_static_assert
    Feature record: CXX_FEATURE:0cxx_strong_enums
    Feature record: CXX_FEATURE:1cxx_template_template_parameters
    Feature record: CXX_FEATURE:0cxx_thread_local
    Feature record: CXX_FEATURE:0cxx_trailing_return_types
    Feature record: CXX_FEATURE:0cxx_unicode_literals
    Feature record: CXX_FEATURE:0cxx_uniform_initialization
    Feature record: CXX_FEATURE:0cxx_unrestricted_unions
    Feature record: CXX_FEATURE:0cxx_user_literals
    Feature record: CXX_FEATURE:0cxx_variable_templates
    Feature record: CXX_FEATURE:0cxx_variadic_macros
    Feature record: CXX_FEATURE:0cxx_variadic_templates
Performing C++ SOURCE FILE Test COMPILER_SUPPORTS_WNO_DEPRECATED succeeded with the following output:
Change Dir: /home/alen/ibex-lib/build/CMakeFiles/CMakeTmp

Run Build Command:"/usr/bin/make" "cmTC_ecefd/fast"
/usr/bin/make -f CMakeFiles/cmTC_ecefd.dir/build.make CMakeFiles/cmTC_ecefd.dir/build
make[1]: Entering directory '/home/alen/ibex-lib/build/CMakeFiles/CMakeTmp'
Building CXX object CMakeFiles/cmTC_ecefd.dir/src.cxx.o
/usr/bin/c++    -DCOMPILER_SUPPORTS_WNO_DEPRECATED   -Wno-deprecated -o CMakeFiles/cmTC_ecefd.dir/src.cxx.o -c /home/alen/ibex-lib/build/CMakeFiles/CMakeTmp/src.cxx
Linking CXX executable cmTC_ecefd
/usr/bin/cmake -E cmake_link_script CMakeFiles/cmTC_ecefd.dir/link.txt --verbose=1
/usr/bin/c++   -DCOMPILER_SUPPORTS_WNO_DEPRECATED    CMakeFiles/cmTC_ecefd.dir/src.cxx.o  -o cmTC_ecefd 
make[1]: Leaving directory '/home/alen/ibex-lib/build/CMakeFiles/CMakeTmp'

Source file was:
int main() { return 0; }
Determining if the include file dlfcn.h exists passed with the following output:
Change Dir: /home/alen/ibex-lib/build/CMakeFiles/CMakeTmp

Run Build Command:"/usr/bin/make" "cmTC_f82c9/fast"
/usr/bin/make -f CMakeFiles/cmTC_f82c9.dir/build.make CMakeFiles/cmTC_f82c9.dir/build
make[1]: Entering directory '/home/alen/ibex-lib/build/CMakeFiles/CMakeTmp'
Building CXX object CMakeFiles/cmTC_f82c9.dir/CheckIncludeFile.cxx.o
/usr/bin/c++     -o CMakeFiles/cmTC_f82c9.dir/CheckIncludeFile.cxx.o -c /home/alen/ibex-lib/build/CMakeFiles/CMakeTmp/CheckIncludeFile.cxx
Linking CXX executable cmTC_f82c9
/usr/bin/cmake -E cmake_link_script CMakeFiles/cmTC_f82c9.dir/link.txt --verbose=1
/usr/bin/c++       CMakeFiles/cmTC_f82c9.dir/CheckIncludeFile.cxx.o  -o cmTC_f82c9 
make[1]: Leaving directory '/home/alen/ibex-lib/build/CMakeFiles/CMakeTmp'


Determining if the include file stdint.h exists passed with the following output:
Change Dir: /home/alen/ibex-lib/build/CMakeFiles/CMakeTmp

Run Build Command:"/usr/bin/make" "cmTC_b84ca/fast"
/usr/bin/make -f CMakeFiles/cmTC_b84ca.dir/build.make CMakeFiles/cmTC_b84ca.dir/build
make[1]: Entering directory '/home/alen/ibex-lib/build/CMakeFiles/CMakeTmp'
Building CXX object CMakeFiles/cmTC_b84ca.dir/CheckIncludeFile.cxx.o
/usr/bin/c++     -o CMakeFiles/cmTC_b84ca.dir/CheckIncludeFile.cxx.o -c /home/alen/ibex-lib/build/CMakeFiles/CMakeTmp/CheckIncludeFile.cxx
Linking CXX executable cmTC_b84ca
/usr/bin/cmake -E cmake_link_script CMakeFiles/cmTC_b84ca.dir/link.txt --verbose=1
/usr/bin/c++       CMakeFiles/cmTC_b84ca.dir/CheckIncludeFile.cxx.o  -o cmTC_b84ca 
make[1]: Leaving directory '/home/alen/ibex-lib/build/CMakeFiles/CMakeTmp'


Determining if the include file inttypes.h exists passed with the following output:
Change Dir: /home/alen/ibex-lib/build/CMakeFiles/CMakeTmp

Run Build Command:"/usr/bin/make" "cmTC_bdd4d/fast"
/usr/bin/make -f CMakeFiles/cmTC_bdd4d.dir/build.make CMakeFiles/cmTC_bdd4d.dir/build
make[1]: Entering directory '/home/alen/ibex-lib/build/CMakeFiles/CMakeTmp'
Building CXX object CMakeFiles/cmTC_bdd4d.dir/CheckIncludeFile.cxx.o
/usr/bin/c++     -o CMakeFiles/cmTC_bdd4d.dir/CheckIncludeFile.cxx.o -c /home/alen/ibex-lib/build/CMakeFiles/CMakeTmp/CheckIncludeFile.cxx
Linking CXX executable cmTC_bdd4d
/usr/bin/cmake -E cmake_link_script CMakeFiles/cmTC_bdd4d.dir/link.txt --verbose=1
/usr/bin/c++       CMakeFiles/cmTC_bdd4d.dir/CheckIncludeFile.cxx.o  -o cmTC_bdd4d 
make[1]: Leaving directory '/home/alen/ibex-lib/build/CMakeFiles/CMakeTmp'


Determining if the include file stdlib.h exists passed with the following output:
Change Dir: /home/alen/ibex-lib/build/CMakeFiles/CMakeTmp

Run Build Command:"/usr/bin/make" "cmTC_a2442/fast"
/usr/bin/make -f CMakeFiles/cmTC_a2442.dir/build.make CMakeFiles/cmTC_a2442.dir/build
make[1]: Entering directory '/home/alen/ibex-lib/build/CMakeFiles/CMakeTmp'
Building CXX object CMakeFiles/cmTC_a2442.dir/CheckIncludeFile.cxx.o
/usr/bin/c++     -o CMakeFiles/cmTC_a2442.dir/CheckIncludeFile.cxx.o -c /home/alen/ibex-lib/build/CMakeFiles/CMakeTmp/CheckIncludeFile.cxx
Linking CXX executable cmTC_a2442
/usr/bin/cmake -E cmake_link_script CMakeFiles/cmTC_a2442.dir/link.txt --verbose=1
/usr/bin/c++       CMakeFiles/cmTC_a2442.dir/CheckIncludeFile.cxx.o  -o cmTC_a2442 
make[1]: Leaving directory '/home/alen/ibex-lib/build/CMakeFiles/CMakeTmp'


Determining if the include file strings.h exists passed with the following output:
Change Dir: /home/alen/ibex-lib/build/CMakeFiles/CMakeTmp

Run Build Command:"/usr/bin/make" "cmTC_8f02a/fast"
/usr/bin/make -f CMakeFiles/cmTC_8f02a.dir/build.make CMakeFiles/cmTC_8f02a.dir/build
make[1]: Entering directory '/home/alen/ibex-lib/build/CMakeFiles/CMakeTmp'
Building CXX object CMakeFiles/cmTC_8f02a.dir/CheckIncludeFile.cxx.o
/usr/bin/c++     -o CMakeFiles/cmTC_8f02a.dir/CheckIncludeFile.cxx.o -c /home/alen/ibex-lib/build/CMakeFiles/CMakeTmp/CheckIncludeFile.cxx
Linking CXX executable cmTC_8f02a
/usr/bin/cmake -E cmake_link_script CMakeFiles/cmTC_8f02a.dir/link.txt --verbose=1
/usr/bin/c++       CMakeFiles/cmTC_8f02a.dir/CheckIncludeFile.cxx.o  -o cmTC_8f02a 
make[1]: Leaving directory '/home/alen/ibex-lib/build/CMakeFiles/CMakeTmp'


Determining if the include file string.h exists passed with the following output:
Change Dir: /home/alen/ibex-lib/build/CMakeFiles/CMakeTmp

Run Build Command:"/usr/bin/make" "cmTC_3b057/fast"
/usr/bin/make -f CMakeFiles/cmTC_3b057.dir/build.make CMakeFiles/cmTC_3b057.dir/build
make[1]: Entering directory '/home/alen/ibex-lib/build/CMakeFiles/CMakeTmp'
Building CXX object CMakeFiles/cmTC_3b057.dir/CheckIncludeFile.cxx.o
/usr/bin/c++     -o CMakeFiles/cmTC_3b057.dir/CheckIncludeFile.cxx.o -c /home/alen/ibex-lib/build/CMakeFiles/CMakeTmp/CheckIncludeFile.cxx
Linking CXX executable cmTC_3b057
/usr/bin/cmake -E cmake_link_script CMakeFiles/cmTC_3b057.dir/link.txt --verbose=1
/usr/bin/c++       CMakeFiles/cmTC_3b057.dir/CheckIncludeFile.cxx.o  -o cmTC_3b057 
make[1]: Leaving directory '/home/alen/ibex-lib/build/CMakeFiles/CMakeTmp'


Determining if the include file memory.h exists passed with the following output:
Change Dir: /home/alen/ibex-lib/build/CMakeFiles/CMakeTmp

Run Build Command:"/usr/bin/make" "cmTC_f94da/fast"
/usr/bin/make -f CMakeFiles/cmTC_f94da.dir/build.make CMakeFiles/cmTC_f94da.dir/build
make[1]: Entering directory '/home/alen/ibex-lib/build/CMakeFiles/CMakeTmp'
Building CXX object CMakeFiles/cmTC_f94da.dir/CheckIncludeFile.cxx.o
/usr/bin/c++     -o CMakeFiles/cmTC_f94da.dir/CheckIncludeFile.cxx.o -c /home/alen/ibex-lib/build/CMakeFiles/CMakeTmp/CheckIncludeFile.cxx
Linking CXX executable cmTC_f94da
/usr/bin/cmake -E cmake_link_script CMakeFiles/cmTC_f94da.dir/link.txt --verbose=1
/usr/bin/c++       CMakeFiles/cmTC_f94da.dir/CheckIncludeFile.cxx.o  -o cmTC_f94da 
make[1]: Leaving directory '/home/alen/ibex-lib/build/CMakeFiles/CMakeTmp'


Determining if the include file sys/stat.h exists passed with the following output:
Change Dir: /home/alen/ibex-lib/build/CMakeFiles/CMakeTmp

Run Build Command:"/usr/bin/make" "cmTC_3f11c/fast"
/usr/bin/make -f CMakeFiles/cmTC_3f11c.dir/build.make CMakeFiles/cmTC_3f11c.dir/build
make[1]: Entering directory '/home/alen/ibex-lib/build/CMakeFiles/CMakeTmp'
Building CXX object CMakeFiles/cmTC_3f11c.dir/CheckIncludeFile.cxx.o
/usr/bin/c++     -o CMakeFiles/cmTC_3f11c.dir/CheckIncludeFile.cxx.o -c /home/alen/ibex-lib/build/CMakeFiles/CMakeTmp/CheckIncludeFile.cxx
Linking CXX executable cmTC_3f11c
/usr/bin/cmake -E cmake_link_script CMakeFiles/cmTC_3f11c.dir/link.txt --verbose=1
/usr/bin/c++       CMakeFiles/cmTC_3f11c.dir/CheckIncludeFile.cxx.o  -o cmTC_3f11c 
make[1]: Leaving directory '/home/alen/ibex-lib/build/CMakeFiles/CMakeTmp'


Determining if the include file sys/types.h exists passed with the following output:
Change Dir: /home/alen/ibex-lib/build/CMakeFiles/CMakeTmp

Run Build Command:"/usr/bin/make" "cmTC_f0ab7/fast"
/usr/bin/make -f CMakeFiles/cmTC_f0ab7.dir/build.make CMakeFiles/cmTC_f0ab7.dir/build
make[1]: Entering directory '/home/alen/ibex-lib/build/CMakeFiles/CMakeTmp'
Building CXX object CMakeFiles/cmTC_f0ab7.dir/CheckIncludeFile.cxx.o
/usr/bin/c++     -o CMakeFiles/cmTC_f0ab7.dir/CheckIncludeFile.cxx.o -c /home/alen/ibex-lib/build/CMakeFiles/CMakeTmp/CheckIncludeFile.cxx
Linking CXX executable cmTC_f0ab7
/usr/bin/cmake -E cmake_link_script CMakeFiles/cmTC_f0ab7.dir/link.txt --verbose=1
/usr/bin/c++       CMakeFiles/cmTC_f0ab7.dir/CheckIncludeFile.cxx.o  -o cmTC_f0ab7 
make[1]: Leaving directory '/home/alen/ibex-lib/build/CMakeFiles/CMakeTmp'


Determining if the include file unistd.h exists passed with the following output:
Change Dir: /home/alen/ibex-lib/build/CMakeFiles/CMakeTmp

Run Build Command:"/usr/bin/make" "cmTC_27019/fast"
/usr/bin/make -f CMakeFiles/cmTC_27019.dir/build.make CMakeFiles/cmTC_27019.dir/build
make[1]: Entering directory '/home/alen/ibex-lib/build/CMakeFiles/CMakeTmp'
Building CXX object CMakeFiles/cmTC_27019.dir/CheckIncludeFile.cxx.o
/usr/bin/c++     -o CMakeFiles/cmTC_27019.dir/CheckIncludeFile.cxx.o -c /home/alen/ibex-lib/build/CMakeFiles/CMakeTmp/CheckIncludeFile.cxx
Linking CXX executable cmTC_27019
/usr/bin/cmake -E cmake_link_script CMakeFiles/cmTC_27019.dir/link.txt --verbose=1
/usr/bin/c++       CMakeFiles/cmTC_27019.dir/CheckIncludeFile.cxx.o  -o cmTC_27019 
make[1]: Leaving directory '/home/alen/ibex-lib/build/CMakeFiles/CMakeTmp'


